<?xml version="1.0" encoding="UTF-8"?>
<testsuite name="com.experforms.generator.GeneratorApplicationTests" tests="1" skipped="0" failures="0" errors="0" timestamp="2024-11-27T11:20:29" hostname="moses-imbahale-HP-ProBook-450-G4" time="6.353">
  <properties/>
  <testcase name="contextLoads()" classname="com.experforms.generator.GeneratorApplicationTests" time="6.353"/>
  <system-out><![CDATA[14:20:09.948 [Test worker] INFO org.springframework.test.context.support.AnnotationConfigContextLoaderUtils -- Could not detect default configuration classes for test class [com.experforms.generator.GeneratorApplicationTests]: GeneratorApplicationTests does not declare any static, non-private, non-final, nested classes annotated with @Configuration.
14:20:10.563 [Test worker] INFO org.springframework.boot.test.context.SpringBootTestContextBootstrapper -- Found @SpringBootConfiguration com.experforms.generator.GeneratorApplication for test class com.experforms.generator.GeneratorApplicationTests

  .   ____          _            __ _ _
 /\\ / ___'_ __ _ _(_)_ __  __ _ \ \ \ \
( ( )\___ | '_ | '_| | '_ \/ _` | \ \ \ \
 \\/  ___)| |_)| | | | | || (_| |  ) ) ) )
  '  |____| .__|_| |_|_| |_\__, | / / / /
 =========|_|==============|___/=/_/_/_/

 :: Spring Boot ::                (v3.4.0)

2024-11-27T14:20:12.110+03:00  INFO 214465 --- [generator] [    Test worker] c.e.generator.GeneratorApplicationTests  : Starting GeneratorApplicationTests using Java 17.0.13 with PID 214465 (started by moses-imbahale in /home/moses-imbahale/Desktop/GITHUB/ExpertForms/generator)
2024-11-27T14:20:12.113+03:00  INFO 214465 --- [generator] [    Test worker] c.e.generator.GeneratorApplicationTests  : No active profile set, falling back to 1 default profile: "default"
2024-11-27T14:20:16.246+03:00  INFO 214465 --- [generator] [    Test worker] .s.d.r.c.RepositoryConfigurationDelegate : Bootstrapping Spring Data MongoDB repositories in DEFAULT mode.
2024-11-27T14:20:16.377+03:00  INFO 214465 --- [generator] [    Test worker] .s.d.r.c.RepositoryConfigurationDelegate : Finished Spring Data repository scanning in 122 ms. Found 4 MongoDB repository interfaces.
2024-11-27T14:20:20.325+03:00  INFO 214465 --- [generator] [9ga.mongodb.net] org.mongodb.driver.cluster               : Adding discovered server cluster0-shard-00-02.zx9ga.mongodb.net:27017 to client view of cluster
2024-11-27T14:20:21.419+03:00  INFO 214465 --- [generator] [    Test worker] org.mongodb.driver.client                : MongoClient with metadata {"application": {"name": "Cluster0"}, "driver": {"name": "mongo-java-driver|sync|spring-boot", "version": "5.2.1"}, "os": {"type": "Linux", "name": "Linux", "architecture": "amd64", "version": "6.11.0-9-generic"}, "platform": "Java/Ubuntu/17.0.13+11-Ubuntu-2ubuntu124.10"} created with settings MongoClientSettings{readPreference=primary, writeConcern=WriteConcern{w=majority, wTimeout=null ms, journal=null}, retryWrites=true, retryReads=true, readConcern=ReadConcern{level=null}, credential=MongoCredential{mechanism=null, userName='mosesimbahale0', source='admin', password=<hidden>, mechanismProperties=<hidden>}, transportSettings=null, commandListeners=[], codecRegistry=ProvidersCodecRegistry{codecProviders=[ValueCodecProvider{}, BsonValueCodecProvider{}, DBRefCodecProvider{}, DBObjectCodecProvider{}, DocumentCodecProvider{}, CollectionCodecProvider{}, IterableCodecProvider{}, MapCodecProvider{}, GeoJsonCodecProvider{}, GridFSFileCodecProvider{}, Jsr310CodecProvider{}, JsonObjectCodecProvider{}, BsonCodecProvider{}, EnumCodecProvider{}, com.mongodb.client.model.mql.ExpressionCodecProvider@35dece42, com.mongodb.Jep395RecordCodecProvider@dd3f8aa, com.mongodb.KotlinCodecProvider@3d615b2e]}, loggerSettings=LoggerSettings{maxDocumentLength=1000}, clusterSettings={hosts=[127.0.0.1:27017], srvHost=cluster0.zx9ga.mongodb.net, srvServiceName=mongodb, mode=MULTIPLE, requiredClusterType=REPLICA_SET, requiredReplicaSetName='atlas-6d65ed-shard-0', serverSelector='null', clusterListeners='[]', serverSelectionTimeout='30000 ms', localThreshold='15 ms'}, socketSettings=SocketSettings{connectTimeoutMS=10000, readTimeoutMS=0, receiveBufferSize=0, proxySettings=ProxySettings{host=null, port=null, username=null, password=null}}, heartbeatSocketSettings=SocketSettings{connectTimeoutMS=10000, readTimeoutMS=10000, receiveBufferSize=0, proxySettings=ProxySettings{host=null, port=null, username=null, password=null}}, connectionPoolSettings=ConnectionPoolSettings{maxSize=100, minSize=0, maxWaitTimeMS=120000, maxConnectionLifeTimeMS=0, maxConnectionIdleTimeMS=0, maintenanceInitialDelayMS=0, maintenanceFrequencyMS=60000, connectionPoolListeners=[], maxConnecting=2}, serverSettings=ServerSettings{heartbeatFrequencyMS=10000, minHeartbeatFrequencyMS=500, serverMonitoringMode=AUTO, serverListeners='[]', serverMonitorListeners='[]'}, sslSettings=SslSettings{enabled=true, invalidHostNameAllowed=false, context=null}, applicationName='Cluster0', compressorList=[], uuidRepresentation=JAVA_LEGACY, serverApi=null, autoEncryptionSettings=null, dnsClient=null, inetAddressResolver=null, contextProvider=null, timeoutMS=null}
2024-11-27T14:20:21.871+03:00  INFO 214465 --- [generator] [9ga.mongodb.net] org.mongodb.driver.cluster               : Adding discovered server cluster0-shard-00-01.zx9ga.mongodb.net:27017 to client view of cluster
2024-11-27T14:20:21.878+03:00  INFO 214465 --- [generator] [9ga.mongodb.net] org.mongodb.driver.cluster               : Adding discovered server cluster0-shard-00-00.zx9ga.mongodb.net:27017 to client view of cluster
2024-11-27T14:20:25.822+03:00  INFO 214465 --- [generator] [    Test worker] o.s.b.a.w.s.WelcomePageHandlerMapping    : Adding welcome page: class path resource [static/index.html]
2024-11-27T14:20:28.949+03:00  INFO 214465 --- [generator] [    Test worker] c.e.generator.GeneratorApplicationTests  : Started GeneratorApplicationTests in 17.551 seconds (process running for 35.946)
2024-11-27T14:20:30.546+03:00  INFO 214465 --- [generator] [ngodb.net:27017] org.mongodb.driver.cluster               : Monitor thread successfully connected to server with description ServerDescription{address=cluster0-shard-00-00.zx9ga.mongodb.net:27017, type=REPLICA_SET_SECONDARY, cryptd=false, state=CONNECTED, ok=true, minWireVersion=0, maxWireVersion=25, maxDocumentSize=16777216, logicalSessionTimeoutMinutes=30, roundTripTimeNanos=1628084531, minRoundTripTimeNanos=0, setName='atlas-6d65ed-shard-0', canonicalAddress=cluster0-shard-00-00.zx9ga.mongodb.net:27017, hosts=[cluster0-shard-00-02.zx9ga.mongodb.net:27017, cluster0-shard-00-00.zx9ga.mongodb.net:27017, cluster0-shard-00-01.zx9ga.mongodb.net:27017], passives=[], arbiters=[], primary='cluster0-shard-00-01.zx9ga.mongodb.net:27017', tagSet=TagSet{[Tag{name='availabilityZone', value='mes1-az1'}, Tag{name='diskState', value='READY'}, Tag{name='nodeType', value='ELECTABLE'}, Tag{name='provider', value='AWS'}, Tag{name='region', value='ME_SOUTH_1'}, Tag{name='workloadType', value='OPERATIONAL'}]}, electionId=null, setVersion=5, topologyVersion=TopologyVersion{processId=6740caffb4f0a2ce9cdae616, counter=4}, lastWriteDate=Wed Nov 27 14:20:30 EAT 2024, lastUpdateTimeNanos=20968768154898}
2024-11-27T14:20:30.547+03:00  INFO 214465 --- [generator] [ngodb.net:27017] org.mongodb.driver.cluster               : Monitor thread successfully connected to server with description ServerDescription{address=cluster0-shard-00-02.zx9ga.mongodb.net:27017, type=REPLICA_SET_SECONDARY, cryptd=false, state=CONNECTED, ok=true, minWireVersion=0, maxWireVersion=25, maxDocumentSize=16777216, logicalSessionTimeoutMinutes=30, roundTripTimeNanos=1625189662, minRoundTripTimeNanos=0, setName='atlas-6d65ed-shard-0', canonicalAddress=cluster0-shard-00-02.zx9ga.mongodb.net:27017, hosts=[cluster0-shard-00-02.zx9ga.mongodb.net:27017, cluster0-shard-00-00.zx9ga.mongodb.net:27017, cluster0-shard-00-01.zx9ga.mongodb.net:27017], passives=[], arbiters=[], primary='cluster0-shard-00-01.zx9ga.mongodb.net:27017', tagSet=TagSet{[Tag{name='availabilityZone', value='mes1-az3'}, Tag{name='diskState', value='READY'}, Tag{name='nodeType', value='ELECTABLE'}, Tag{name='provider', value='AWS'}, Tag{name='region', value='ME_SOUTH_1'}, Tag{name='workloadType', value='OPERATIONAL'}]}, electionId=null, setVersion=5, topologyVersion=TopologyVersion{processId=6740d22543b4822adaea113f, counter=3}, lastWriteDate=Wed Nov 27 14:20:30 EAT 2024, lastUpdateTimeNanos=20968766259642}
2024-11-27T14:20:30.553+03:00  INFO 214465 --- [generator] [ngodb.net:27017] org.mongodb.driver.cluster               : Monitor thread successfully connected to server with description ServerDescription{address=cluster0-shard-00-01.zx9ga.mongodb.net:27017, type=REPLICA_SET_PRIMARY, cryptd=false, state=CONNECTED, ok=true, minWireVersion=0, maxWireVersion=25, maxDocumentSize=16777216, logicalSessionTimeoutMinutes=30, roundTripTimeNanos=1628795617, minRoundTripTimeNanos=0, setName='atlas-6d65ed-shard-0', canonicalAddress=cluster0-shard-00-01.zx9ga.mongodb.net:27017, hosts=[cluster0-shard-00-02.zx9ga.mongodb.net:27017, cluster0-shard-00-00.zx9ga.mongodb.net:27017, cluster0-shard-00-01.zx9ga.mongodb.net:27017], passives=[], arbiters=[], primary='cluster0-shard-00-01.zx9ga.mongodb.net:27017', tagSet=TagSet{[Tag{name='availabilityZone', value='mes1-az2'}, Tag{name='diskState', value='READY'}, Tag{name='nodeType', value='ELECTABLE'}, Tag{name='provider', value='AWS'}, Tag{name='region', value='ME_SOUTH_1'}, Tag{name='workloadType', value='OPERATIONAL'}]}, electionId=7fffffff0000000000000022, setVersion=5, topologyVersion=TopologyVersion{processId=6740ce0373e6c28b88a8f42f, counter=6}, lastWriteDate=Wed Nov 27 14:20:30 EAT 2024, lastUpdateTimeNanos=20968766749494}
2024-11-27T14:20:30.559+03:00  INFO 214465 --- [generator] [ngodb.net:27017] org.mongodb.driver.cluster               : Discovered replica set primary cluster0-shard-00-01.zx9ga.mongodb.net:27017 with max election id 7fffffff0000000000000022 and max set version 5
]]></system-out>
  <system-err><![CDATA[]]></system-err>
</testsuite>
